<?xml version="1.0" encoding="UTF-8"?>
<!-- Generated by org.testng.reporters.JUnitReportReporter -->
<testsuite skipped="0" hostname="INTUL173e9cd51" name="Tests.pliovoTestPage" tests="1" failures="0" timestamp="21 Aug 2019 13:06:30 GMT" time="32.932" errors="0">
  <testcase name="loginTest" time="32.932" classname="Tests.pliovoTestPage"/>
</testsuite> <!-- Tests.pliovoTestPage -->
